<?xml version="1.0" encoding="UTF-8"?>
<!-- Generated by org.testng.reporters.JUnitReportReporter -->
<testsuite hostname="LTILPUN22001550" failures="0" tests="1" name="TestCases_UI.HBI_HomePageTest" time="24.308" errors="0" timestamp="2022-09-23T15:20:16 IST" skipped="0">
  <testcase classname="TestCases_UI.HBI_HomePageTest" name="verifyProfile" time="24.308"/>
  <system-out/>
</testsuite> <!-- TestCases_UI.HBI_HomePageTest -->
