<?xml version="1.0" encoding="UTF-8"?>
<!-- Generated by org.testng.reporters.JUnitReportReporter -->
<testsuite hostname="LTILPUN22001550" failures="0" tests="5" name="TestCases_UI.HBI_LoginPageTest" time="34.918" errors="0" timestamp="2022-09-21T16:12:59 IST" skipped="2">
  <testcase classname="TestCases_UI.HBI_LoginPageTest" name="verifyMOHFWLogo" time="7.245"/>
  <system-out/>
  <testcase classname="TestCases_UI.HBI_LoginPageTest" name="verifyAzadiLogo" time="7.074"/>
  <system-out/>
  <testcase classname="TestCases_UI.HBI_LoginPageTest" name="verifyloginToHBIforNodalOfficer" time="20.599"/>
  <system-out/>
  <testcase classname="TestCases_UI.HBI_LoginPageTest" name="verifymohfwLink">
    <skipped/>
  </testcase> <!-- verifymohfwLink -->
  <system-out/>
  <testcase classname="TestCases_UI.HBI_LoginPageTest" name="verifyLoginToHBIforHP">
    <skipped/>
  </testcase> <!-- verifyLoginToHBIforHP -->
  <system-out/>
</testsuite> <!-- TestCases_UI.HBI_LoginPageTest -->
