<?xml version="1.0" encoding="UTF-8"?>
<!-- Generated by org.testng.reporters.JUnitReportReporter -->
<testsuite hostname="LTILPUN22001550" failures="0" tests="5" name="TestCases_UI.HBI_LoginPageTest" time="14.267" errors="0" timestamp="2022-09-23T15:20:16 IST" skipped="3">
  <testcase classname="TestCases_UI.HBI_LoginPageTest" name="verifyAzadiLogo" time="7.136"/>
  <system-out/>
  <testcase classname="TestCases_UI.HBI_LoginPageTest" name="verifyMOHFWLogo" time="7.131"/>
  <system-out/>
  <testcase classname="TestCases_UI.HBI_LoginPageTest" name="verifymohfwLink">
    <skipped/>
  </testcase> <!-- verifymohfwLink -->
  <system-out/>
  <testcase classname="TestCases_UI.HBI_LoginPageTest" name="verifyloginToHBIforNodalOfficer">
    <skipped/>
  </testcase> <!-- verifyloginToHBIforNodalOfficer -->
  <system-out/>
  <testcase classname="TestCases_UI.HBI_LoginPageTest" name="verifyLoginToHBIforHP">
    <skipped/>
  </testcase> <!-- verifyLoginToHBIforHP -->
  <system-out/>
</testsuite> <!-- TestCases_UI.HBI_LoginPageTest -->
