<?xml version="1.0" encoding="UTF-8"?>
<!-- Generated by org.testng.reporters.JUnitReportReporter -->
<testsuite hostname="LTILPUN22001550" failures="0" tests="1" name="TestCases_UI.HBI_HomePageTest" time="25.596" errors="0" timestamp="2022-09-21T16:35:59 IST" skipped="0">
  <testcase classname="TestCases_UI.HBI_HomePageTest" name="verifyProfile" time="25.596"/>
  <system-out/>
</testsuite> <!-- TestCases_UI.HBI_HomePageTest -->
